<?xml version="1.0" encoding="UTF-8"?>
<testng-results skipped="0" failed="1" ignored="0" total="3" passed="2">
  <reporter-output>
  </reporter-output>
  <suite name="Douglas Suite" duration-ms="32180" started-at="2020-10-21T23:04:19 CEST" finished-at="2020-10-21T23:04:51 CEST">
    <groups>
    </groups>
    <test name="Douglas test" duration-ms="32180" started-at="2020-10-21T23:04:19 CEST" finished-at="2020-10-21T23:04:51 CEST">
      <class name="com.douglas.testCases.TC01LoginTest">
        <test-method status="PASS" signature="setup()[pri:0, instance:com.douglas.testCases.TC01LoginTest@27efef64]" name="setup" is-config="true" duration-ms="1668" started-at="2020-10-21T23:04:19 CEST" finished-at="2020-10-21T23:04:21 CEST">
          <reporter-output>
          </reporter-output>
        </test-method> <!-- setup -->
        <test-method status="PASS" signature="ValidloginTest()[pri:0, instance:com.douglas.testCases.TC01LoginTest@27efef64]" name="ValidloginTest" duration-ms="10118" started-at="2020-10-21T23:04:21 CEST" finished-at="2020-10-21T23:04:31 CEST">
          <reporter-output>
          </reporter-output>
        </test-method> <!-- ValidloginTest -->
        <test-method status="PASS" signature="teardown()[pri:0, instance:com.douglas.testCases.TC01LoginTest@27efef64]" name="teardown" is-config="true" duration-ms="164" started-at="2020-10-21T23:04:31 CEST" finished-at="2020-10-21T23:04:31 CEST">
          <reporter-output>
          </reporter-output>
        </test-method> <!-- teardown -->
      </class> <!-- com.douglas.testCases.TC01LoginTest -->
      <class name="com.douglas.testCases.TC03ForgotPassword">
        <test-method status="PASS" signature="setup()[pri:0, instance:com.douglas.testCases.TC03ForgotPassword@47c62251]" name="setup" is-config="true" duration-ms="949" started-at="2020-10-21T23:04:40 CEST" finished-at="2020-10-21T23:04:41 CEST">
          <reporter-output>
          </reporter-output>
        </test-method> <!-- setup -->
        <test-method status="FAIL" signature="ForgotPassword()[pri:0, instance:com.douglas.testCases.TC03ForgotPassword@47c62251]" name="ForgotPassword" duration-ms="10438" started-at="2020-10-21T23:04:41 CEST" finished-at="2020-10-21T23:04:51 CEST">
          <exception class="java.lang.IllegalArgumentException">
            <message>
              <![CDATA[Keys to send should be a not null CharSequence]]>
            </message>
            <full-stacktrace>
              <![CDATA[java.lang.IllegalArgumentException: Keys to send should be a not null CharSequence
at org.openqa.selenium.remote.RemoteWebElement.sendKeys(RemoteWebElement.java:97)
at sun.reflect.NativeMethodAccessorImpl.invoke0(Native Method)
at sun.reflect.NativeMethodAccessorImpl.invoke(NativeMethodAccessorImpl.java:62)
at sun.reflect.DelegatingMethodAccessorImpl.invoke(DelegatingMethodAccessorImpl.java:43)
at java.lang.reflect.Method.invoke(Method.java:498)
at org.openqa.selenium.support.pagefactory.internal.LocatingElementHandler.invoke(LocatingElementHandler.java:51)
at com.sun.proxy.$Proxy7.sendKeys(Unknown Source)
at com.douglas.pageObjects.LoginPage.setEnterCaptcha(LoginPage.java:75)
at com.douglas.testCases.TC03ForgotPassword.ForgotPassword(TC03ForgotPassword.java:25)
at sun.reflect.NativeMethodAccessorImpl.invoke0(Native Method)
at sun.reflect.NativeMethodAccessorImpl.invoke(NativeMethodAccessorImpl.java:62)
at sun.reflect.DelegatingMethodAccessorImpl.invoke(DelegatingMethodAccessorImpl.java:43)
at java.lang.reflect.Method.invoke(Method.java:498)
at org.testng.internal.MethodInvocationHelper.invokeMethod(MethodInvocationHelper.java:134)
at org.testng.internal.TestInvoker.invokeMethod(TestInvoker.java:597)
at org.testng.internal.TestInvoker.invokeTestMethod(TestInvoker.java:173)
at org.testng.internal.MethodRunner.runInSequence(MethodRunner.java:46)
at org.testng.internal.TestInvoker$MethodInvocationAgent.invoke(TestInvoker.java:816)
at org.testng.internal.TestInvoker.invokeTestMethods(TestInvoker.java:146)
at org.testng.internal.TestMethodWorker.invokeTestMethods(TestMethodWorker.java:146)
at org.testng.internal.TestMethodWorker.run(TestMethodWorker.java:128)
at java.util.ArrayList.forEach(ArrayList.java:1257)
at org.testng.TestRunner.privateRun(TestRunner.java:766)
at org.testng.TestRunner.run(TestRunner.java:587)
at org.testng.SuiteRunner.runTest(SuiteRunner.java:384)
at org.testng.SuiteRunner.runSequentially(SuiteRunner.java:378)
at org.testng.SuiteRunner.privateRun(SuiteRunner.java:337)
at org.testng.SuiteRunner.run(SuiteRunner.java:286)
at org.testng.SuiteRunnerWorker.runSuite(SuiteRunnerWorker.java:53)
at org.testng.SuiteRunnerWorker.run(SuiteRunnerWorker.java:96)
at org.testng.TestNG.runSuitesSequentially(TestNG.java:1187)
at org.testng.TestNG.runSuitesLocally(TestNG.java:1109)
at org.testng.TestNG.runSuites(TestNG.java:1039)
at org.testng.TestNG.run(TestNG.java:1007)
at org.apache.maven.surefire.testng.TestNGExecutor.run(TestNGExecutor.java:283)
at org.apache.maven.surefire.testng.TestNGXmlTestSuite.execute(TestNGXmlTestSuite.java:75)
at org.apache.maven.surefire.testng.TestNGProvider.invoke(TestNGProvider.java:120)
at org.apache.maven.surefire.booter.ForkedBooter.invokeProviderInSameClassLoader(ForkedBooter.java:384)
at org.apache.maven.surefire.booter.ForkedBooter.runSuitesInProcess(ForkedBooter.java:345)
at org.apache.maven.surefire.booter.ForkedBooter.execute(ForkedBooter.java:126)
at org.apache.maven.surefire.booter.ForkedBooter.main(ForkedBooter.java:418)
]]>
            </full-stacktrace>
          </exception> <!-- java.lang.IllegalArgumentException -->
          <reporter-output>
          </reporter-output>
        </test-method> <!-- ForgotPassword -->
        <test-method status="PASS" signature="teardown()[pri:0, instance:com.douglas.testCases.TC03ForgotPassword@47c62251]" name="teardown" is-config="true" duration-ms="108" started-at="2020-10-21T23:04:51 CEST" finished-at="2020-10-21T23:04:51 CEST">
          <reporter-output>
          </reporter-output>
        </test-method> <!-- teardown -->
      </class> <!-- com.douglas.testCases.TC03ForgotPassword -->
      <class name="com.douglas.testCases.TC02InvalidLoginTest">
        <test-method status="PASS" signature="setup()[pri:0, instance:com.douglas.testCases.TC02InvalidLoginTest@6f7fd0e6]" name="setup" is-config="true" duration-ms="1094" started-at="2020-10-21T23:04:31 CEST" finished-at="2020-10-21T23:04:32 CEST">
          <reporter-output>
          </reporter-output>
        </test-method> <!-- setup -->
        <test-method status="PASS" signature="InValidUserNamelogin()[pri:0, instance:com.douglas.testCases.TC02InvalidLoginTest@6f7fd0e6]" name="InValidUserNamelogin" duration-ms="7489" started-at="2020-10-21T23:04:32 CEST" finished-at="2020-10-21T23:04:40 CEST">
          <reporter-output>
          </reporter-output>
        </test-method> <!-- InValidUserNamelogin -->
        <test-method status="PASS" signature="teardown()[pri:0, instance:com.douglas.testCases.TC02InvalidLoginTest@6f7fd0e6]" name="teardown" is-config="true" duration-ms="110" started-at="2020-10-21T23:04:40 CEST" finished-at="2020-10-21T23:04:40 CEST">
          <reporter-output>
          </reporter-output>
        </test-method> <!-- teardown -->
      </class> <!-- com.douglas.testCases.TC02InvalidLoginTest -->
    </test> <!-- Douglas test -->
  </suite> <!-- Douglas Suite -->
</testng-results>
