<?xml version="1.0" encoding="UTF-8"?>
<testsuite xmlns:xsi="http://www.w3.org/2001/XMLSchema-instance" xsi:noNamespaceSchemaLocation="https://maven.apache.org/surefire/maven-surefire-plugin/xsd/surefire-test-report.xsd" name="TestSuite" time="32.576" tests="3" errors="0" skipped="0" failures="1">
  <properties>
[...]
</properties>
  <testcase name="ValidloginTest" classname="com.douglas.testCases.TC01LoginTest" time="10.12"/>
  <testcase name="InValidUserNamelogin" classname="com.douglas.testCases.TC02InvalidLoginTest" time="7.488"/>
  <testcase name="ForgotPassword" classname="com.douglas.testCases.TC03ForgotPassword" time="10.447">
    <failure message="Keys to send should be a not null CharSequence" type="java.lang.IllegalArgumentException">java.lang.IllegalArgumentException: Keys to send should be a not null CharSequence
	at com.douglas.testCases.TC03ForgotPassword.ForgotPassword(TC03ForgotPassword.java:25)
</failure>
    <system-out><![CDATA[SIE HABEN IHR PASSWORT VERGESSEN?
Bitte geben Sie hier die E-Mail-Adresse ein, mit der Sie Ihr Douglas-Konto erstellt haben. Wir schicken Ihnen dann umgehend einen Link zu, mit dem Sie ein neues Passwort erstellen können.
Neuer Bildcode
5 Zeichen
SCHLIESSEN
E-MAIL ABSENDEN
]]></system-out>
    <system-err><![CDATA[Starting ChromeDriver 86.0.4240.22 (398b0743353ff36fb1b82468f63a3a93b4e2e89e-refs/branch-heads/4240@{#378}) on port 25885
Only local connections are allowed.
Please see https://chromedriver.chromium.org/security-considerations for suggestions on keeping ChromeDriver safe.
ChromeDriver was started successfully.
Oct 21, 2020 11:04:41 PM org.openqa.selenium.remote.ProtocolHandshake createSession
INFO: Detected dialect: W3C
]]></system-err>
  </testcase>
</testsuite>